MulterError: Unexpected field
    at wrappedFileFilter (D:\Regent Biochem\server\node_modules\multer\index.js:41:19)
    at Multipart.<anonymous> (D:\Regent Biochem\server\node_modules\multer\lib\make-middleware.js:183:7)
    at Multipart.emit (node:events:509:28)
    at HeaderParser.cb (D:\Regent Biochem\server\node_modules\busboy\lib\types\multipart.js:358:14)
    at HeaderParser.push (D:\Regent Biochem\server\node_modules\busboy\lib\types\multipart.js:162:20)
    at SBMH.ssCb [as _cb] (D:\Regent Biochem\server\node_modules\busboy\lib\types\multipart.js:394:37)
    at feed (D:\Regent Biochem\server\node_modules\streamsearch\lib\sbmh.js:219:14)
    at SBMH.push (D:\Regent Biochem\server\node_modules\streamsearch\lib\sbmh.js:104:16)
    at Multipart._write (D:\Regent Biochem\server\node_modules\busboy\lib\types\multipart.js:567:19)
    at writeOrBuffer (node:internal/streams/writable:570:12)
MulterError: Unexpected field
    at wrappedFileFilter (D:\Regent Biochem\server\node_modules\multer\index.js:41:19)
    at Multipart.<anonymous> (D:\Regent Biochem\server\node_modules\multer\lib\make-middleware.js:183:7)
    at Multipart.emit (node:events:509:28)
    at HeaderParser.cb (D:\Regent Biochem\server\node_modules\busboy\lib\types\multipart.js:358:14)
    at HeaderParser.push (D:\Regent Biochem\server\node_modules\busboy\lib\types\multipart.js:162:20)
    at SBMH.ssCb [as _cb] (D:\Regent Biochem\server\node_modules\busboy\lib\types\multipart.js:394:37)
    at feed (D:\Regent Biochem\server\node_modules\streamsearch\lib\sbmh.js:219:14)
    at SBMH.push (D:\Regent Biochem\server\node_modules\streamsearch\lib\sbmh.js:104:16)
    at Multipart._write (D:\Regent Biochem\server\node_modules\busboy\lib\types\multipart.js:567:19)
    at writeOrBuffer (node:internal/streams/writable:570:12)
